TN:
SF:script/DeployVBK.s.sol
DA:28,0
FN:28,DeployVBK.run
FNDA:0,DeployVBK.run
DA:29,0
DA:31,0
DA:32,0
DA:33,0
DA:35,0
DA:36,0
DA:37,0
DA:38,0
DA:39,0
DA:40,0
DA:41,0
DA:42,0
DA:43,0
DA:44,0
DA:45,0
DA:46,0
FNF:1
FNH:0
LF:17
LH:0
BRF:0
BRH:0
end_of_record
TN:
SF:script/DeployVibeCheck.s.sol
DA:40,0
FN:40,DeployVibeCheck.run
FNDA:0,DeployVibeCheck.run
DA:45,0
DA:46,0
DA:47,0
DA:48,0
DA:50,0
DA:53,0
DA:56,0
DA:59,0
DA:62,0
DA:63,0
DA:65,0
DA:67,0
DA:68,0
DA:69,0
DA:70,0
DA:71,0
DA:72,0
DA:73,0
DA:74,0
DA:75,0
DA:76,0
DA:77,0
DA:78,0
DA:79,0
DA:80,0
DA:81,0
DA:82,0
DA:83,0
DA:84,0
DA:85,0
DA:86,0
FNF:1
FNH:0
LF:32
LH:0
BRF:0
BRH:0
end_of_record
TN:
SF:src/EventFactory.sol
DA:49,77
FN:49,EventFactory.constructor
FNDA:77,EventFactory.constructor
DA:56,77
DA:57,77
BRDA:57,0,0,0
DA:59,77
DA:60,77
DA:61,77
DA:62,77
DA:64,77
DA:71,77
FN:71,EventFactory.setOffering
FNDA:77,EventFactory.setOffering
DA:72,77
BRDA:72,1,0,0
DA:73,77
BRDA:73,2,0,1
DA:74,76
DA:75,76
DA:78,77
FN:78,EventFactory.setMarketplace
FNDA:77,EventFactory.setMarketplace
DA:79,77
BRDA:79,3,0,0
DA:80,77
BRDA:80,4,0,1
DA:81,76
DA:82,76
DA:86,77
FN:86,EventFactory.grantOrganizer
FNDA:77,EventFactory.grantOrganizer
DA:87,77
DA:90,1
FN:90,EventFactory.revokeOrganizer
FNDA:1,EventFactory.revokeOrganizer
DA:91,1
DA:115,79
FN:115,EventFactory.launchEvent
FNDA:79,EventFactory.launchEvent
DA:120,77
BRDA:120,5,0,1
DA:122,76
DA:133,76
DA:136,76
DA:137,76
DA:139,76
DA:140,76
DA:141,76
DA:143,76
DA:144,76
DA:151,1
FN:151,EventFactory.eventsLength
FNDA:1,EventFactory.eventsLength
DA:152,1
FNF:7
FNH:7
LF:35
LH:35
BRF:6
BRH:3
end_of_record
TN:
SF:src/EventNFT.sol
DA:114,79
FN:114,EventNFT.constructor
FNDA:79,EventNFT.constructor
DA:118,79
BRDA:118,0,0,0
DA:119,79
BRDA:119,1,0,1
DA:120,78
BRDA:120,2,0,0
DA:122,78
BRDA:122,3,0,1
DA:124,77
BRDA:124,4,0,1
DA:126,76
DA:127,76
DA:128,76
DA:129,76
DA:130,76
DA:131,76
DA:132,76
DA:134,76
DA:135,105
BRDA:135,5,0,0
DA:137,105
DA:146,76
DA:149,76
DA:150,76
DA:152,76
DA:159,4
FN:159,EventNFT.setVenueSigner
FNDA:4,EventNFT.setVenueSigner
DA:160,3
BRDA:160,6,0,1
DA:161,2
DA:162,2
DA:165,3
FN:165,EventNFT.setBaseURI
FNDA:3,EventNFT.setBaseURI
DA:166,2
DA:167,2
DA:170,3
FN:170,EventNFT.pause
FNDA:3,EventNFT.pause
DA:171,2
DA:174,1
FN:174,EventNFT.unpause
FNDA:1,EventNFT.unpause
DA:175,1
DA:186,345
FN:186,EventNFT.mintTicket
FNDA:345,EventNFT.mintTicket
DA:192,343
BRDA:192,7,0,1
DA:193,342
BRDA:193,8,0,1
DA:195,341
DA:196,341
BRDA:196,9,0,1
DA:197,340
DA:199,340
DA:200,340
DA:201,340
DA:203,340
DA:204,340
DA:217,11
FN:217,EventNFT.redeem
FNDA:11,EventNFT.redeem
DA:218,11
BRDA:218,10,0,1
DA:219,1
BRDA:219,11,0,1
DA:222,9
BRDA:222,12,0,1
DA:223,1
DA:226,8
DA:228,8
DA:229,8
BRDA:229,13,0,1
DA:231,7
DA:232,7
DA:233,7
DA:241,779
FN:241,EventNFT.maxResalePrice
FNDA:779,EventNFT.maxResalePrice
DA:242,779
DA:246,276
FN:246,EventNFT.tiersLength
FNDA:276,EventNFT.tiersLength
DA:247,276
DA:251,1
FN:251,EventNFT.totalMinted
FNDA:1,EventNFT.totalMinted
DA:252,1
DA:259,4
FN:259,EventNFT.tokenURI
FNDA:4,EventNFT.tokenURI
DA:260,4
DA:261,4
DA:262,4
BRDA:262,14,0,1
DA:263,3
DA:264,3
DA:267,0
FN:267,EventNFT._baseURI
FNDA:0,EventNFT._baseURI
DA:268,0
DA:290,345
FN:290,EventNFT._update
FNDA:345,EventNFT._update
DA:295,345
DA:298,345
BRDA:298,15,0,5
DA:299,1
BRDA:299,16,0,1
DA:300,4
BRDA:300,17,0,1
DA:303,3
DA:304,3
DA:305,3
DA:308,3
BRDA:308,18,0,1
DA:311,342
DA:318,3
FN:318,EventNFT.supportsInterface
FNDA:3,EventNFT.supportsInterface
DA:324,3
FNF:14
FNH:13
LF:79
LH:77
BRF:19
BRH:16
end_of_record
TN:
SF:src/NFTMarketplace.sol
DA:78,34
FN:78,NFTMarketplace.constructor
FNDA:34,NFTMarketplace.constructor
DA:83,34
BRDA:83,0,0,0
DA:84,34
DA:85,34
DA:86,34
DA:93,3
FN:93,NFTMarketplace.setResaleFee
FNDA:3,NFTMarketplace.setResaleFee
DA:94,2
BRDA:94,1,0,1
DA:95,1
DA:96,1
DA:99,2
FN:99,NFTMarketplace.pause
FNDA:3,NFTMarketplace.pause
DA:100,1
FN:100,NFTMarketplace.unpause
FNDA:1,NFTMarketplace.unpause
DA:110,270
FN:110,NFTMarketplace.list
FNDA:270,NFTMarketplace.list
DA:115,269
BRDA:115,2,0,0
DA:117,269
DA:118,269
BRDA:118,3,0,1
DA:119,268
BRDA:119,4,0,1
DA:120,267
BRDA:120,5,0,1
DA:122,266
DA:123,266
BRDA:123,6,0,257
DA:125,9
DA:126,9
DA:134,9
DA:137,5
FN:137,NFTMarketplace.cancel
FNDA:5,NFTMarketplace.cancel
DA:138,5
DA:139,5
BRDA:139,7,0,1
DA:140,4
BRDA:140,8,0,1
DA:141,3
DA:142,3
DA:149,4
FN:149,NFTMarketplace.buy
FNDA:4,NFTMarketplace.buy
DA:150,4
DA:151,4
BRDA:151,9,0,1
DA:153,3
DA:156,3
BRDA:156,10,0,1
DA:157,2
BRDA:157,11,0,1
DA:159,1
DA:162,1
DA:163,1
DA:165,1
DA:166,1
DA:169,1
DA:171,1
BRDA:171,12,0,1
DA:172,1
DA:174,1
BRDA:174,13,0,1
DA:175,1
DA:177,1
DA:181,1
DA:183,1
DA:191,4
FN:191,NFTMarketplace.getListing
FNDA:4,NFTMarketplace.getListing
DA:192,4
FNF:8
FNH:8
LF:49
LH:49
BRF:14
BRH:12
end_of_record
TN:
SF:src/OfferingNFT.sol
DA:73,34
FN:73,OfferingNFT.constructor
FNDA:34,OfferingNFT.constructor
DA:78,34
BRDA:78,0,0,0
DA:80,34
DA:81,34
DA:84,34
DA:85,34
DA:86,34
DA:93,3
FN:93,OfferingNFT.setPlatformFeeUSDC
FNDA:3,OfferingNFT.setPlatformFeeUSDC
DA:94,2
BRDA:94,1,0,1
DA:95,1
DA:96,1
DA:99,3
FN:99,OfferingNFT.setPlatformFeeVBK
FNDA:3,OfferingNFT.setPlatformFeeVBK
DA:100,2
BRDA:100,2,0,1
DA:101,1
DA:102,1
DA:105,2
FN:105,OfferingNFT.pause
FNDA:2,OfferingNFT.pause
DA:106,1
FN:106,OfferingNFT.unpause
FNDA:1,OfferingNFT.unpause
DA:112,275
FN:112,OfferingNFT.buyWithUSDC
FNDA:275,OfferingNFT.buyWithUSDC
DA:118,274
BRDA:118,3,0,1
DA:120,273
DA:121,273
BRDA:121,4,0,1
DA:123,272
DA:125,272
DA:126,272
DA:128,272
BRDA:128,5,0,272
DA:129,272
DA:131,272
DA:133,272
DA:146,2
FN:146,OfferingNFT.buyWithVBK
FNDA:2,OfferingNFT.buyWithVBK
DA:152,2
BRDA:152,6,0,0
DA:154,2
DA:155,2
BRDA:155,7,0,0
DA:157,2
DA:160,2
DA:161,2
DA:162,2
DA:163,2
DA:164,2
DA:166,2
BRDA:166,8,0,1
DA:168,1
DA:169,1
DA:171,1
BRDA:171,9,0,1
DA:172,1
DA:177,1
DA:179,1
DA:188,1
FN:188,OfferingNFT.quoteVBK
FNDA:1,OfferingNFT.quoteVBK
DA:189,1
DA:190,1
DA:192,1
DA:193,1
DA:194,1
DA:195,1
DA:196,1
FNF:8
FNH:8
LF:53
LH:53
BRF:10
BRH:7
end_of_record
TN:
SF:src/VbkToken.sol
DA:45,18
FN:45,VbkToken.constructor
FNDA:18,VbkToken.constructor
DA:49,18
DA:52,18
DA:53,18
DA:56,18
DA:64,4
FN:64,VbkToken.setBurnRate
FNDA:4,VbkToken.setBurnRate
DA:65,3
BRDA:65,0,0,1
DA:66,2
DA:67,2
DA:72,4
FN:72,VbkToken.setFeeExempt
FNDA:4,VbkToken.setFeeExempt
DA:73,3
DA:74,3
DA:78,3
FN:78,VbkToken.pause
FNDA:3,VbkToken.pause
DA:79,2
DA:83,1
FN:83,VbkToken.unpause
FNDA:1,VbkToken.unpause
DA:84,1
DA:99,795
FN:99,VbkToken._update
FNDA:795,VbkToken._update
DA:103,795
DA:104,795
DA:106,795
BRDA:106,1,0,258
DA:107,258
DA:108,258
BRDA:108,2,0,238
DA:109,238
DA:110,238
DA:111,238
DA:115,795
FNF:6
FNH:6
LF:26
LH:26
BRF:3
BRH:3
end_of_record
TN:
SF:test/OfferingAndMarketplace.t.sol
DA:25,68
FN:25,MockERC20.constructor
FNDA:68,MockERC20.constructor
DA:26,68
DA:29,119
FN:29,MockERC20.mint
FNDA:119,MockERC20.mint
DA:30,281
FN:30,MockERC20.approve
FNDA:281,MockERC20.approve
DA:31,281
DA:33,0
FN:33,MockERC20.transfer
FNDA:0,MockERC20.transfer
DA:34,0
BRDA:34,0,0,-
BRDA:34,0,1,-
DA:35,0
DA:36,0
DA:38,549
FN:38,MockERC20.transferFrom
FNDA:549,MockERC20.transferFrom
DA:39,549
BRDA:39,1,0,0
BRDA:39,1,1,549
DA:40,549
BRDA:40,2,0,0
BRDA:40,2,1,549
DA:41,549
DA:42,549
DA:43,549
DA:45,0
FN:45,MockERC20.totalSupply
FNDA:0,MockERC20.totalSupply
DA:53,3
FN:53,MockUniswapRouter.getAmountsOut
FNDA:3,MockUniswapRouter.getAmountsOut
DA:56,3
DA:57,3
DA:58,3
FNF:7
FNH:5
LF:20
LH:15
BRF:6
BRH:2
end_of_record
